12:48:24.466 [main] DEBUG aaronjenkins.dao.jaxbimpl.MeterDAOJaxbImpl - using dataFile:/home/aaron/Documents/devel/AE2/parkingMeter/meterService/service/./target/testfile.xml
12:48:24.469 [main] DEBUG aaronjenkins.dao.jaxbimpl.MeterDAOJaxbImpl - dataFile does not exist creating new /home/aaron/Documents/devel/AE2/parkingMeter/meterService/service/./target/testfile.xml
12:48:24.474 [main] DEBUG aaronjenkins.dao.jaxbimpl.MeterDAOJaxbImpl - saving xml to file:<?xml version="1.0" encoding="UTF-8" standalone="yes"?>
<meterList/>

12:48:24.498 [main] DEBUG aaronjenkins.dao.jaxbimpl.MeterDAOJaxbImpl - saving xml to file:<?xml version="1.0" encoding="UTF-8" standalone="yes"?>
<meterList>
    <lastMeterId>1</lastMeterId>
    <Meter>
        <id>1</id>
        <location>Location1</location>
        <scheduleList>
            <schedule>
                <rate>2.0</rate>
                <startTime>12:00</startTime>
            </schedule>
            <schedule>
                <rate>2.0</rate>
                <startTime>12:30</startTime>
            </schedule>
            <schedule>
                <rate>2.0</rate>
                <startTime>13:00</startTime>
            </schedule>
            <schedule>
                <rate>2.0</rate>
                <startTime>13:30</startTime>
            </schedule>
            <schedule>
                <rate>2.0</rate>
                <startTime>14:00</startTime>
            </schedule>
            <schedule>
                <rate>2.0</rate>
                <startTime>14:30</startTime>
            </schedule>
            <schedule>
                <rate>2.0</rate>
                <startTime>15:00</startTime>
            </schedule>
            <schedule>
                <rate>2.0</rate>
                <startTime>15:30</startTime>
            </schedule>
            <schedule>
                <rate>2.0</rate>
                <startTime>16:00</startTime>
            </schedule>
            <schedule>
                <rate>2.0</rate>
                <startTime>16:30</startTime>
            </schedule>
            <schedule>
                <rate>2.0</rate>
                <startTime>17:00</startTime>
            </schedule>
            <schedule>
                <rate>2.0</rate>
                <startTime>17:30</startTime>
            </schedule>
            <schedule>
                <rate>2.0</rate>
                <startTime>18:00</startTime>
            </schedule>
            <schedule>
                <rate>2.0</rate>
                <startTime>18:30</startTime>
            </schedule>
            <schedule>
                <rate>2.0</rate>
                <startTime>19:00</startTime>
            </schedule>
            <schedule>
                <rate>2.0</rate>
                <startTime>19:30</startTime>
            </schedule>
            <schedule>
                <rate>2.0</rate>
                <startTime>20:00</startTime>
            </schedule>
            <schedule>
                <rate>2.0</rate>
                <startTime>20:30</startTime>
            </schedule>
            <schedule>
                <rate>2.0</rate>
                <startTime>21:00</startTime>
            </schedule>
            <schedule>
                <rate>2.0</rate>
                <startTime>21:30</startTime>
            </schedule>
            <schedule>
                <rate>2.0</rate>
                <startTime>22:00</startTime>
            </schedule>
            <schedule>
                <rate>2.0</rate>
                <startTime>22:30</startTime>
            </schedule>
            <schedule>
                <rate>2.0</rate>
                <startTime>23:00</startTime>
            </schedule>
            <schedule>
                <rate>2.0</rate>
                <startTime>23:30</startTime>
            </schedule>
        </scheduleList>
    </Meter>
</meterList>

